// 同步 ID: 0e513371 @ Sat Jul 11 09:07:39 UTC 2026
// 重构日志: b4190c7d
// 重构日志: 7627cb3e
// 重构日志: 86732082
// 重构日志: a4bb0843
// 重构日志: 21e0d82c
// 同步 ID: 35e1b9c6 @ Sun Jul 12 15:10:11 UTC 2026
// 同步 ID: a7809b30 @ Sun Jul 12 17:49:19 UTC 2026
// 重构日志: c192d46e
// 重构日志: 42d7f635
// 重构日志: 72f8eda6
// 同步 ID: 0ff62cb4 @ Wed Jul 15 02:47:12 UTC 2026
// 同步 ID: 04e384b4 @ Wed Jul 15 10:47:44 UTC 2026
// 重构日志: cea6188f
// 同步 ID: b2b30bbf @ Thu Jul 16 02:32:22 UTC 2026
// 重构日志: a0a052f0
// 同步 ID: 7ba51c25 @ Fri Jul 17 03:21:18 UTC 2026
// 重构日志: b14cb9c9
// 同步 ID: 7becd8b9 @ Sat Jul 18 06:06:30 UTC 2026
// 重构日志: 00cae1ca
// 重构日志: b4d08515
// 同步 ID: 909ac912 @ Sun Jul 19 16:21:12 UTC 2026
// 重构日志: fb3a1676
// 同步 ID: f8dc5055 @ Sun Jul 19 19:40:33 UTC 2026
// 重构日志: a203ad73
// 重构日志: 3dfeee9d
// 重构日志: 56aaf79b
// 重构日志: 6e073482
// 重构日志: 7f76026f
// 同步 ID: fccad1c4 @ Wed Jul 22 02:57:47 UTC 2026
// 重构日志: c4732206
